<?xml version="1.0" encoding="UTF-8"?>
<!-- Generated by org.testng.reporters.JUnitReportReporter -->
<testsuite hostname="DESKTOP-4KHU5BK" failures="0" tests="5" name="com.sportyshoes.project.AdminHomeTest" time="32.900" errors="0" timestamp="2021-10-22T16:52:38 IST" skipped="0">
  <testcase classname="com.sportyshoes.project.AdminHomeTest" name="verifyAdminProductsTest" time="5.307"/>
  <system-out/>
  <testcase classname="com.sportyshoes.project.AdminHomeTest" name="verifyAdminFindAllUsersTest" time="5.684"/>
  <system-out/>
  <testcase classname="com.sportyshoes.project.AdminHomeTest" name="verifyAdminFindUserTest" time="9.844"/>
  <system-out/>
  <testcase classname="com.sportyshoes.project.AdminHomeTest" name="adminCategoriesTest" time="6.976"/>
  <system-out/>
  <testcase classname="com.sportyshoes.project.AdminHomeTest" name="adminLogout" time="5.089"/>
  <system-out/>
</testsuite> <!-- com.sportyshoes.project.AdminHomeTest -->
