<?xml version="1.0" encoding="UTF-8"?>
<!-- Generated by org.testng.reporters.JUnitReportReporter -->
<testsuite hostname="DESKTOP-4KHU5BK" failures="0" tests="2" name="com.sportyshoes.project.ProjectApplicationTests" time="9.860" errors="0" timestamp="2021-10-22T16:51:41 IST" skipped="0">
  <testcase classname="com.sportyshoes.project.ProjectApplicationTests" name="verifyPageTitleTest" time="5.243"/>
  <system-out/>
  <testcase classname="com.sportyshoes.project.ProjectApplicationTests" name="verifyLogoTest" time="4.617"/>
  <system-out/>
</testsuite> <!-- com.sportyshoes.project.ProjectApplicationTests -->
