<?xml version="1.0" encoding="UTF-8"?>
<!-- Generated by org.testng.reporters.JUnitReportReporter -->
<testsuite hostname="DESKTOP-4KHU5BK" failures="0" tests="5" name="com.sportyshoes.project.AdminTest" time="32.821" errors="0" timestamp="2021-10-22T15:47:12 IST" skipped="0">
  <testcase classname="com.sportyshoes.project.AdminTest" name="verifyAdminProductsTest" time="7.564"/>
  <system-out/>
  <testcase classname="com.sportyshoes.project.AdminTest" name="verifyAdminFindAllUsersTest" time="6.028"/>
  <system-out/>
  <testcase classname="com.sportyshoes.project.AdminTest" name="verifyAdminFindUserTest" time="7.145"/>
  <system-out/>
  <testcase classname="com.sportyshoes.project.AdminTest" name="adminCategoriesTest" time="6.062"/>
  <system-out/>
  <testcase classname="com.sportyshoes.project.AdminTest" name="adminLogout" time="6.022"/>
  <system-out/>
</testsuite> <!-- com.sportyshoes.project.AdminTest -->
