<?xml version="1.0" encoding="UTF-8"?>
<!-- Generated by org.testng.reporters.JUnitReportReporter -->
<testsuite hostname="DESKTOP-4KHU5BK" failures="0" tests="9" name="com.sportyshoes.project.UserHomeTest" time="65.288" errors="0" timestamp="2021-10-22T16:51:09 IST" skipped="0">
  <testcase classname="com.sportyshoes.project.UserHomeTest" name="clickOnShopLinkTest" time="5.768"/>
  <system-out/>
  <testcase classname="com.sportyshoes.project.UserHomeTest" name="searchByCategoryVEGTest" time="6.735"/>
  <system-out/>
  <testcase classname="com.sportyshoes.project.UserHomeTest" name="searchByCategoryNonVegTest" time="6.660"/>
  <system-out/>
  <testcase classname="com.sportyshoes.project.UserHomeTest" name="searchByCategoryCooldrinksTest" time="6.788"/>
  <system-out/>
  <testcase classname="com.sportyshoes.project.UserHomeTest" name="searchByCategoryTiffinsTest" time="6.753"/>
  <system-out/>
  <testcase classname="com.sportyshoes.project.UserHomeTest" name="addToCartTest" time="7.539"/>
  <system-out/>
  <testcase classname="com.sportyshoes.project.UserHomeTest" name="navigateToCartTest" time="9.440"/>
  <system-out/>
  <testcase classname="com.sportyshoes.project.UserHomeTest" name="checkoutTest" time="9.098"/>
  <system-out/>
  <testcase classname="com.sportyshoes.project.UserHomeTest" name="userLogOutTest" time="6.507"/>
  <system-out/>
</testsuite> <!-- com.sportyshoes.project.UserHomeTest -->
